<?xml version="1.0" encoding="UTF-8"?>
<!-- Generated by org.testng.reporters.JUnitReportReporter -->
<testsuite hostname="LAPTOP-O6UDEKEP" failures="0" tests="8" name="com.nexsoft.testng.CRUDUserBiodata" time="28.094" errors="0" timestamp="2022-06-14T22:03:14 ICT" skipped="0">
  <testcase classname="com.nexsoft.testng.CRUDUserBiodata" name="login" time="3.065"/>
  <system-out/>
  <testcase classname="com.nexsoft.testng.CRUDUserBiodata" name="createData" time="4.910"/>
  <system-out/>
  <testcase classname="com.nexsoft.testng.CRUDUserBiodata" name="createData" time="4.627"/>
  <system-out/>
  <testcase classname="com.nexsoft.testng.CRUDUserBiodata" name="getUsername" time="0.341"/>
  <system-out/>
  <testcase classname="com.nexsoft.testng.CRUDUserBiodata" name="createData" time="5.587"/>
  <system-out/>
  <testcase classname="com.nexsoft.testng.CRUDUserBiodata" name="createData" time="4.780"/>
  <system-out/>
  <testcase classname="com.nexsoft.testng.CRUDUserBiodata" name="createData" time="4.745"/>
  <system-out/>
  <testcase classname="com.nexsoft.testng.CRUDUserBiodata" name="getUsername2" time="0.039"/>
  <system-out/>
</testsuite> <!-- com.nexsoft.testng.CRUDUserBiodata -->
